<?xml version="1.0" encoding="UTF-8"?>
<!-- Generated by org.testng.reporters.JUnitReportReporter -->
<testsuite hostname="LAPTOP-BR2K3LT2" failures="0" tests="3" name="org.day7.Execution2" time="0.010" errors="0" timestamp="2025-05-21T18:58:43 IST" skipped="0">
  <testcase classname="org.day7.Execution2" name="meth3" time="0.005"/>
  <testcase classname="org.day7.Execution2" name="meth1" time="0.001"/>
  <testcase classname="org.day7.Execution2" name="meth2" time="0.004"/>
</testsuite> <!-- org.day7.Execution2 -->
