<?xml version="1.0" encoding="UTF-8"?>
<!-- Generated by org.testng.reporters.JUnitReportReporter -->
<testsuite hostname="LAPTOP-BR2K3LT2" failures="0" tests="2" name="org.day6.MultipleParameters" time="7.355" errors="0" timestamp="2025-05-21T19:50:20 IST" skipped="0">
  <testcase classname="org.day6.MultipleParameters" name="meth1" time="5.935"/>
  <testcase classname="org.day6.MultipleParameters" name="meth2" time="1.420"/>
</testsuite> <!-- org.day6.MultipleParameters -->
