<?xml version="1.0" encoding="UTF-8"?>
<!-- Generated by org.testng.reporters.JUnitReportReporter -->
<testsuite hostname="LAPTOP-BR2K3LT2" failures="0" tests="3" name="org.day6.Adactin" time="22.899" errors="0" timestamp="2025-05-22T19:06:30 IST" skipped="0">
  <testcase classname="org.day6.Adactin" name="meth1" time="8.493"/>
  <testcase classname="org.day6.Adactin" name="meth1" time="6.283"/>
  <testcase classname="org.day6.Adactin" name="meth1" time="8.123"/>
</testsuite> <!-- org.day6.Adactin -->
