<?xml version="1.0" encoding="UTF-8"?>
<!-- Generated by org.testng.reporters.JUnitReportReporter -->
<testsuite hostname="LAPTOP-BR2K3LT2" failures="0" tests="5" name="org.day8.GroupsEx" time="0.016" errors="0" timestamp="2025-05-24T10:00:20 IST" skipped="0">
  <testcase classname="org.day8.GroupsEx" name="meth3" time="0.000"/>
  <testcase classname="org.day8.GroupsEx" name="meth1" time="0.000"/>
  <testcase classname="org.day8.GroupsEx" name="meth4" time="0.016"/>
  <testcase classname="org.day8.GroupsEx" name="meth2" time="0.000"/>
  <testcase classname="org.day8.GroupsEx" name="meth5" time="0.000"/>
</testsuite> <!-- org.day8.GroupsEx -->
