<?xml version="1.0" encoding="UTF-8"?>
<!-- Generated by org.testng.reporters.JUnitReportReporter -->
<testsuite hostname="LAPTOP-BR2K3LT2" failures="0" tests="2" name="org.day9.Avarage" time="8.065" errors="0" timestamp="2025-06-13T11:50:14 IST" skipped="0">
  <testcase classname="org.day9.Avarage" name="Lauch" time="4.496"/>
  <testcase classname="org.day9.Avarage" name="list" time="3.569"/>
</testsuite> <!-- org.day9.Avarage -->
