<?xml version="1.0" encoding="UTF-8"?>
<!-- Generated by org.testng.reporters.JUnitReportReporter -->
<testsuite hostname="LAPTOP-BR2K3LT2" failures="0" tests="3" name="org.day6.TwoDimentionProduct" time="29.450" errors="0" timestamp="2025-05-23T10:50:49 IST" skipped="0">
  <testcase classname="org.day6.TwoDimentionProduct" name="meth1" time="9.652"/>
  <testcase classname="org.day6.TwoDimentionProduct" name="meth1" time="9.483"/>
  <testcase classname="org.day6.TwoDimentionProduct" name="meth1" time="10.315"/>
</testsuite> <!-- org.day6.TwoDimentionProduct -->
