<?xml version="1.0" encoding="UTF-8"?>
<!-- Generated by org.testng.reporters.JUnitReportReporter -->
<testsuite hostname="LAPTOP-BR2K3LT2" failures="0" tests="2" name="org.day9.MinPrice" time="12.151" errors="0" timestamp="2025-06-13T09:30:27 IST" skipped="0">
  <testcase classname="org.day9.MinPrice" name="Lauch" time="7.776"/>
  <testcase classname="org.day9.MinPrice" name="list" time="4.375"/>
</testsuite> <!-- org.day9.MinPrice -->
