<?xml version="1.0" encoding="UTF-8"?>
<!-- Generated by org.testng.reporters.JUnitReportReporter -->
<testsuite hostname="LAPTOP-BR2K3LT2" failures="0" tests="8" name="org.day8.Example1" time="14.584" errors="0" timestamp="2025-05-24T19:59:43 IST" skipped="0">
  <testcase classname="org.day8.Example1" name="loginpage" time="4.615"/>
  <testcase classname="org.day8.Example1" name="username" time="0.087"/>
  <testcase classname="org.day8.Example1" name="password" time="0.451"/>
  <testcase classname="org.day8.Example1" name="login" time="0.104"/>
  <testcase classname="org.day8.Example1" name="product" time="4.717"/>
  <testcase classname="org.day8.Example1" name="addtocart" time="4.525"/>
  <testcase classname="org.day8.Example1" name="address" time="0.030"/>
  <testcase classname="org.day8.Example1" name="payment" time="0.055"/>
</testsuite> <!-- org.day8.Example1 -->
