<?xml version="1.0" encoding="UTF-8"?>
<!-- Generated by org.testng.reporters.JUnitReportReporter -->
<testsuite hostname="LAPTOP-BR2K3LT2" failures="0" tests="2" name="org.day6.OneDimentionarray" time="20.808" errors="0" timestamp="2025-05-22T19:01:06 IST" skipped="0">
  <testcase classname="org.day6.OneDimentionarray" name="ProductSearch" time="9.273"/>
  <testcase classname="org.day6.OneDimentionarray" name="ProductSearch" time="11.535"/>
</testsuite> <!-- org.day6.OneDimentionarray -->
