<?xml version="1.0" encoding="UTF-8"?>
<!-- Generated by org.testng.reporters.JUnitReportReporter -->
<testsuite hostname="LAPTOP-BR2K3LT2" failures="0" tests="2" name="org.day5.Product" time="3.662" errors="0" timestamp="2025-05-21T14:11:47 IST" skipped="0">
  <testcase classname="org.day5.Product" name="SearchProduct" time="3.640"/>
  <testcase classname="org.day5.Product" name="Data" time="0.022"/>
</testsuite> <!-- org.day5.Product -->
