<?xml version="1.0" encoding="UTF-8"?>
<!-- Generated by org.testng.reporters.JUnitReportReporter -->
<testsuite hostname="LAPTOP-BR2K3LT2" failures="0" tests="5" name="org.day4.TestngEx" time="0.000" errors="0" timestamp="2025-05-21T12:38:48 IST" skipped="0">
  <testcase classname="org.day4.TestngEx" name="jt" time="0.000"/>
  <testcase classname="org.day4.TestngEx" name="Ap" time="0.000"/>
  <testcase classname="org.day4.TestngEx" name="mt" time="0.000"/>
  <testcase classname="org.day4.TestngEx" name="bdd" time="0.000"/>
  <testcase classname="org.day4.TestngEx" name="tng" time="0.000"/>
</testsuite> <!-- org.day4.TestngEx -->
