<?xml version="1.0" encoding="UTF-8"?>
<!-- Generated by org.testng.reporters.JUnitReportReporter -->
<testsuite hostname="LAPTOP-BR2K3LT2" failures="0" tests="3" name="org.day9.MinPrice" time="12.166" errors="0" timestamp="2025-06-16T10:54:37 IST" skipped="0">
  <testcase classname="org.day9.MinPrice" name="Lauch" time="5.204"/>
  <testcase classname="org.day9.MinPrice" name="list" time="6.478"/>
  <testcase classname="org.day9.MinPrice" name="close" time="0.484"/>
</testsuite> <!-- org.day9.MinPrice -->
